2024.08.06 22:13:59 INFO  Started: Metals version 1.3.5 in folders '/home/ryo/develop/play-scala-sandbox' for client Visual Studio Code 1.92.0.[0m
SLF4J(W): Class path contains multiple SLF4J providers.
SLF4J(W): Found provider [scribe.slf4j.ScribeServiceProvider@18da0b97]
SLF4J(W): Found provider [ch.qos.logback.classic.spi.LogbackServiceProvider@486252f4]
SLF4J(W): See https://www.slf4j.org/codes.html#multiple_bindings for an explanation.
SLF4J(I): Actual provider is of type [scribe.slf4j.ScribeServiceProvider@18da0b97]
2024.08.06 22:13:59 WARN  Flyway upgrade recommended: H2 2.3.230 is newer than this version of Flyway and support has not been tested. The latest supported version of H2 is 2.2.220.[0m
2024.08.06 22:14:40 INFO  no build target found for /home/ryo/develop/play-scala-sandbox/app/controllers/HomeController.scala. Using presentation compiler with project's scala-library version: 3.3.3[0m
2024.08.06 22:14:40 INFO  no build target found for /home/ryo/develop/play-scala-sandbox/app/controllers/HomeController.scala. Using presentation compiler with project's scala-library version: 3.3.3[0m
2024.08.06 22:14:42 INFO  time: code lens generation in 1.31s[0m
2024.08.06 22:14:47 INFO  no build target found for /home/ryo/develop/play-scala-sandbox/app/controllers/HomeController.scala. Using presentation compiler with project's scala-library version: 3.3.3[0m
2024.08.06 22:14:55 INFO  no build target found for /home/ryo/develop/play-scala-sandbox/app/controllers/controllers/HomeController.scala. Using presentation compiler with project's scala-library version: 3.3.3[0m
2024.08.06 22:14:55 INFO  no build target found for /home/ryo/develop/play-scala-sandbox/app/controllers/controllers/HomeController.scala. Using presentation compiler with project's scala-library version: 3.3.3[0m
2024.08.06 22:14:56 INFO  no build target found for /home/ryo/develop/play-scala-sandbox/app/controllers/controllers/HomeController.scala. Using presentation compiler with project's scala-library version: 3.3.3[0m
2024.08.06 22:14:56 WARN  no build target for: /home/ryo/develop/play-scala-sandbox/app/controllers/controllers/HomeController.scala[0m
2024.08.06 22:14:56 INFO  no build target found for /home/ryo/develop/play-scala-sandbox/app/controllers/controllers/HomeController.scala. Using presentation compiler with project's scala-library version: 3.3.3[0m
2024.08.06 22:14:56 INFO  no build target found for /home/ryo/develop/play-scala-sandbox/app/controllers/controllers/HomeController.scala. Using presentation compiler with project's scala-library version: 3.3.3[0m
2024.08.06 22:14:57 INFO  no build target found for /home/ryo/develop/play-scala-sandbox/app/controllers/controllers/TimeManage.scala. Using presentation compiler with project's scala-library version: 3.3.3[0m
2024.08.06 22:14:57 INFO  no build target found for /home/ryo/develop/play-scala-sandbox/app/controllers/controllers/TimeManage.scala. Using presentation compiler with project's scala-library version: 3.3.3[0m
Aug 06, 2024 10:14:57 PM org.eclipse.lsp4j.jsonrpc.RemoteEndpoint handleCancellation
WARNING: Unmatched cancel notification for request id 22
2024.08.06 22:14:57 WARN  no build target for: /home/ryo/develop/play-scala-sandbox/app/controllers/controllers/TimeManage.scala[0m
2024.08.06 22:14:58 INFO  no build target found for /home/ryo/develop/play-scala-sandbox/app/controllers/controllers/TimeManage.scala. Using presentation compiler with project's scala-library version: 3.3.3[0m
2024.08.06 22:14:58 INFO  no build target found for /home/ryo/develop/play-scala-sandbox/app/controllers/controllers/TodoController.scala. Using presentation compiler with project's scala-library version: 3.3.3[0m
2024.08.06 22:14:59 INFO  no build target found for /home/ryo/develop/play-scala-sandbox/app/controllers/controllers/TodoController.scala. Using presentation compiler with project's scala-library version: 3.3.3[0m
2024.08.06 22:14:59 WARN  no build target for: /home/ryo/develop/play-scala-sandbox/app/controllers/controllers/TodoController.scala[0m
2024.08.06 22:14:59 INFO  no build target found for /home/ryo/develop/play-scala-sandbox/app/controllers/controllers/TodoController.scala. Using presentation compiler with project's scala-library version: 3.3.3[0m
2024.08.06 22:16:12 INFO  no build target found for /home/ryo/develop/play-scala-sandbox/app/controllers/controllers/HomeController.scala. Using presentation compiler with project's scala-library version: 3.3.3[0m
2024.08.06 22:16:12 INFO  no build target found for /home/ryo/develop/play-scala-sandbox/app/controllers/controllers/HomeController.scala. Using presentation compiler with project's scala-library version: 3.3.3[0m
2024.08.06 22:16:13 INFO  no build target found for /home/ryo/develop/play-scala-sandbox/app/controllers/controllers/HomeController.scala. Using presentation compiler with project's scala-library version: 3.3.3[0m
2024.08.06 22:16:13 INFO  no build target found for /home/ryo/develop/play-scala-sandbox/app/controllers/controllers/HomeController.scala. Using presentation compiler with project's scala-library version: 3.3.3[0m
2024.08.06 22:21:33 INFO  no build target found for /home/ryo/develop/play-scala-sandbox/app/controllers/controllers/HomeController.scala. Using presentation compiler with project's scala-library version: 3.3.3[0m
2024.08.06 22:21:39 INFO  no build target found for /home/ryo/develop/play-scala-sandbox/app/controllers/controllers/HomeController.scala. Using presentation compiler with project's scala-library version: 3.3.3[0m
2024.08.06 22:22:31 INFO  no build target found for /home/ryo/develop/play-scala-sandbox/app/controllers/controllers/HomeController.scala. Using presentation compiler with project's scala-library version: 3.3.3[0m
2024.08.06 22:22:33 INFO  no build target found for /home/ryo/develop/play-scala-sandbox/app/controllers/controllers/HomeController.scala. Using presentation compiler with project's scala-library version: 3.3.3[0m
2024.08.06 22:22:33 INFO  no build target found for /home/ryo/develop/play-scala-sandbox/app/controllers/controllers/TimeManage.scala. Using presentation compiler with project's scala-library version: 3.3.3[0m
2024.08.06 22:22:33 INFO  no build target found for /home/ryo/develop/play-scala-sandbox/app/controllers/controllers/TodoController.scala. Using presentation compiler with project's scala-library version: 3.3.3[0m
2024.08.06 23:11:55 INFO  no build target found for /home/ryo/develop/play-scala-sandbox/app/controllers/controllers/TodoController.scala. Using presentation compiler with project's scala-library version: 3.3.3[0m
2024.08.06 23:11:55 INFO  no build target found for /home/ryo/develop/play-scala-sandbox/app/controllers/controllers/TodoController.scala. Using presentation compiler with project's scala-library version: 3.3.3[0m
